app/build/intermediates/manifest_merge_blame_file/debug/processDebugMainManifest/manifest-merger-blame-debug-report.txt
1<?xml version="1.0" encoding="utf-8"?>
2<manifest xmlns:android="http://schemas.android.com/apk/res/android"
3    package="com.example.preparcial1"
4    android:versionCode="1"
5    android:versionName="1.0" >
6
7    <uses-sdk
8        android:minSdkVersion="29"
9        android:targetSdkVersion="35" />
10
11    <uses-permission
11-->src/main/AndroidManifest.xml:5:5-7:38
12        android:name="android.permission.READ_EXTERNAL_STORAGE"
12-->src/main/AndroidManifest.xml:6:9-64
13        android:maxSdkVersion="32" />
13-->src/main/AndroidManifest.xml:7:9-35
14    <uses-permission android:name="android.permission.READ_MEDIA_IMAGES" />
14-->src/main/AndroidManifest.xml:8:5-10:46
14-->src/main/AndroidManifest.xml:9:9-60
15    <uses-permission android:name="android.permission.INTERNET" />
15-->src/main/AndroidManifest.xml:11:5-67
15-->src/main/AndroidManifest.xml:11:22-64
16    <uses-permission android:name="android.permission.READ_CONTACTS" />
16-->src/main/AndroidManifest.xml:12:5-72
16-->src/main/AndroidManifest.xml:12:22-69
17    <uses-permission android:name="android.permission.ACCESS_FINE_LOCATION" />
17-->src/main/AndroidManifest.xml:13:5-79
17-->src/main/AndroidManifest.xml:13:22-76
18    <uses-permission android:name="android.permission.ACCESS_COARSE_LOCATION" />
18-->src/main/AndroidManifest.xml:14:5-81
18-->src/main/AndroidManifest.xml:14:22-78
19    <uses-permission android:name="android.permission.ACCESS_BACKGROUND_LOCATION" />
19-->src/main/AndroidManifest.xml:15:5-85
19-->src/main/AndroidManifest.xml:15:22-82
20    <uses-permission android:name="android.permission.ACTIVITY_RECOGNITION" />
20-->src/main/AndroidManifest.xml:16:5-79
20-->src/main/AndroidManifest.xml:16:22-76
21    <uses-permission android:name="android.permission.CAMERA" />
21-->src/main/AndroidManifest.xml:17:5-65
21-->src/main/AndroidManifest.xml:17:22-62
22
23    <uses-feature
23-->src/main/AndroidManifest.xml:19:5-21:35
24        android:name="android.hardware.camera"
24-->src/main/AndroidManifest.xml:20:9-47
25        android:required="true" />
25-->src/main/AndroidManifest.xml:21:9-32
26
27    <permission
27-->[androidx.core:core:1.15.0] AndroidManifest.xml:22:5-24:47
28        android:name="com.example.preparcial1.DYNAMIC_RECEIVER_NOT_EXPORTED_PERMISSION"
28-->[androidx.core:core:1.15.0] AndroidManifest.xml:23:9-81
29        android:protectionLevel="signature" />
29-->[androidx.core:core:1.15.0] AndroidManifest.xml:24:9-44
30
31    <uses-permission android:name="com.example.preparcial1.DYNAMIC_RECEIVER_NOT_EXPORTED_PERMISSION" />
31-->[androidx.core:core:1.15.0] AndroidManifest.xml:26:5-97
31-->[androidx.core:core:1.15.0] AndroidManifest.xml:26:22-94
32
33    <application
33-->src/main/AndroidManifest.xml:23:5-83:19
34        android:allowBackup="true"
34-->src/main/AndroidManifest.xml:24:9-35
35        android:appComponentFactory="androidx.core.app.CoreComponentFactory"
35-->[androidx.core:core:1.15.0] AndroidManifest.xml:28:18-86
36        android:dataExtractionRules="@xml/data_extraction_rules"
36-->src/main/AndroidManifest.xml:25:9-65
37        android:debuggable="true"
38        android:extractNativeLibs="false"
39        android:fullBackupContent="@xml/backup_rules"
39-->src/main/AndroidManifest.xml:26:9-54
40        android:icon="@mipmap/ic_launcher"
40-->src/main/AndroidManifest.xml:27:9-43
41        android:label="@string/app_name"
41-->src/main/AndroidManifest.xml:28:9-41
42        android:roundIcon="@mipmap/ic_launcher_round"
42-->src/main/AndroidManifest.xml:29:9-54
43        android:supportsRtl="true"
43-->src/main/AndroidManifest.xml:30:9-35
44        android:testOnly="true"
45        android:theme="@style/Theme.PreParcial1" >
45-->src/main/AndroidManifest.xml:31:9-49
46        <activity
46-->src/main/AndroidManifest.xml:33:9-35:40
47            android:name="com.example.preparcial1.ListaActivity"
47-->src/main/AndroidManifest.xml:34:13-42
48            android:exported="false" />
48-->src/main/AndroidManifest.xml:35:13-37
49        <activity
49-->src/main/AndroidManifest.xml:36:9-38:40
50            android:name="com.example.preparcial1.FactorialActivity"
50-->src/main/AndroidManifest.xml:37:13-46
51            android:exported="false" />
51-->src/main/AndroidManifest.xml:38:13-37
52        <activity
52-->src/main/AndroidManifest.xml:39:9-41:40
53            android:name="com.example.preparcial1.FibonacciActivity"
53-->src/main/AndroidManifest.xml:40:13-46
54            android:exported="false" />
54-->src/main/AndroidManifest.xml:41:13-37
55        <activity
55-->src/main/AndroidManifest.xml:42:9-44:40
56            android:name="com.example.preparcial1.AdivinadorActivity"
56-->src/main/AndroidManifest.xml:43:13-47
57            android:exported="false" />
57-->src/main/AndroidManifest.xml:44:13-37
58        <activity
58-->src/main/AndroidManifest.xml:45:9-47:40
59            android:name="com.example.preparcial1.ParcialesActivity"
59-->src/main/AndroidManifest.xml:46:13-46
60            android:exported="false" />
60-->src/main/AndroidManifest.xml:47:13-37
61        <activity
61-->src/main/AndroidManifest.xml:48:9-50:40
62            android:name="com.example.preparcial1.RandomGreetActivity"
62-->src/main/AndroidManifest.xml:49:13-48
63            android:exported="false" />
63-->src/main/AndroidManifest.xml:50:13-37
64        <activity
64-->src/main/AndroidManifest.xml:51:9-53:40
65            android:name="com.example.preparcial1.TicTacToeActivity"
65-->src/main/AndroidManifest.xml:52:13-46
66            android:exported="false" />
66-->src/main/AndroidManifest.xml:53:13-37
67        <activity
67-->src/main/AndroidManifest.xml:54:9-56:40
68            android:name="com.example.preparcial1.PantallaWeb"
68-->src/main/AndroidManifest.xml:55:13-40
69            android:exported="false" />
69-->src/main/AndroidManifest.xml:56:13-37
70        <activity
70-->src/main/AndroidManifest.xml:57:9-59:40
71            android:name="com.example.preparcial1.ProfesionResultActivity"
71-->src/main/AndroidManifest.xml:58:13-52
72            android:exported="false" />
72-->src/main/AndroidManifest.xml:59:13-37
73        <activity
73-->src/main/AndroidManifest.xml:60:9-62:40
74            android:name="com.example.preparcial1.ProfesionSpinnerActivity"
74-->src/main/AndroidManifest.xml:61:13-53
75            android:exported="false" />
75-->src/main/AndroidManifest.xml:62:13-37
76        <activity
76-->src/main/AndroidManifest.xml:63:9-65:40
77            android:name="com.example.preparcial1.IntentsActivity"
77-->src/main/AndroidManifest.xml:64:13-44
78            android:exported="false" />
78-->src/main/AndroidManifest.xml:65:13-37
79        <activity
79-->src/main/AndroidManifest.xml:66:9-68:40
80            android:name="com.example.preparcial1.ContactosActivity"
80-->src/main/AndroidManifest.xml:67:13-46
81            android:exported="false" />
81-->src/main/AndroidManifest.xml:68:13-37
82        <activity
82-->src/main/AndroidManifest.xml:69:9-71:40
83            android:name="com.example.preparcial1.PermisosActivity"
83-->src/main/AndroidManifest.xml:70:13-45
84            android:exported="false" />
84-->src/main/AndroidManifest.xml:71:13-37
85        <activity android:name="com.example.preparcial1.CountriesActivity" />
85-->src/main/AndroidManifest.xml:72:9-55
85-->src/main/AndroidManifest.xml:72:19-52
86        <activity android:name="com.example.preparcial1.CountryDetailActivity" />
86-->src/main/AndroidManifest.xml:73:9-59
86-->src/main/AndroidManifest.xml:73:19-56
87        <activity
87-->src/main/AndroidManifest.xml:74:9-82:20
88            android:name="com.example.preparcial1.MainActivity"
88-->src/main/AndroidManifest.xml:75:13-41
89            android:exported="true" >
89-->src/main/AndroidManifest.xml:76:13-36
90            <intent-filter>
90-->src/main/AndroidManifest.xml:77:13-81:29
91                <action android:name="android.intent.action.MAIN" />
91-->src/main/AndroidManifest.xml:78:17-69
91-->src/main/AndroidManifest.xml:78:25-66
92
93                <category android:name="android.intent.category.LAUNCHER" />
93-->src/main/AndroidManifest.xml:80:17-77
93-->src/main/AndroidManifest.xml:80:27-74
94            </intent-filter>
95        </activity>
96
97        <provider
97-->[androidx.emoji2:emoji2:1.3.0] AndroidManifest.xml:24:9-32:20
98            android:name="androidx.startup.InitializationProvider"
98-->[androidx.emoji2:emoji2:1.3.0] AndroidManifest.xml:25:13-67
99            android:authorities="com.example.preparcial1.androidx-startup"
99-->[androidx.emoji2:emoji2:1.3.0] AndroidManifest.xml:26:13-68
100            android:exported="false" >
100-->[androidx.emoji2:emoji2:1.3.0] AndroidManifest.xml:27:13-37
101            <meta-data
101-->[androidx.emoji2:emoji2:1.3.0] AndroidManifest.xml:29:13-31:52
102                android:name="androidx.emoji2.text.EmojiCompatInitializer"
102-->[androidx.emoji2:emoji2:1.3.0] AndroidManifest.xml:30:17-75
103                android:value="androidx.startup" />
103-->[androidx.emoji2:emoji2:1.3.0] AndroidManifest.xml:31:17-49
104            <meta-data
104-->[androidx.lifecycle:lifecycle-process:2.6.2] AndroidManifest.xml:29:13-31:52
105                android:name="androidx.lifecycle.ProcessLifecycleInitializer"
105-->[androidx.lifecycle:lifecycle-process:2.6.2] AndroidManifest.xml:30:17-78
106                android:value="androidx.startup" />
106-->[androidx.lifecycle:lifecycle-process:2.6.2] AndroidManifest.xml:31:17-49
107            <meta-data
107-->[androidx.profileinstaller:profileinstaller:1.4.0] AndroidManifest.xml:29:13-31:52
108                android:name="androidx.profileinstaller.ProfileInstallerInitializer"
108-->[androidx.profileinstaller:profileinstaller:1.4.0] AndroidManifest.xml:30:17-85
109                android:value="androidx.startup" />
109-->[androidx.profileinstaller:profileinstaller:1.4.0] AndroidManifest.xml:31:17-49
110        </provider>
111
112        <receiver
112-->[androidx.profileinstaller:profileinstaller:1.4.0] AndroidManifest.xml:34:9-52:20
113            android:name="androidx.profileinstaller.ProfileInstallReceiver"
113-->[androidx.profileinstaller:profileinstaller:1.4.0] AndroidManifest.xml:35:13-76
114            android:directBootAware="false"
114-->[androidx.profileinstaller:profileinstaller:1.4.0] AndroidManifest.xml:36:13-44
115            android:enabled="true"
115-->[androidx.profileinstaller:profileinstaller:1.4.0] AndroidManifest.xml:37:13-35
116            android:exported="true"
116-->[androidx.profileinstaller:profileinstaller:1.4.0] AndroidManifest.xml:38:13-36
117            android:permission="android.permission.DUMP" >
117-->[androidx.profileinstaller:profileinstaller:1.4.0] AndroidManifest.xml:39:13-57
118            <intent-filter>
118-->[androidx.profileinstaller:profileinstaller:1.4.0] AndroidManifest.xml:40:13-42:29
119                <action android:name="androidx.profileinstaller.action.INSTALL_PROFILE" />
119-->[androidx.profileinstaller:profileinstaller:1.4.0] AndroidManifest.xml:41:17-91
119-->[androidx.profileinstaller:profileinstaller:1.4.0] AndroidManifest.xml:41:25-88
120            </intent-filter>
121            <intent-filter>
121-->[androidx.profileinstaller:profileinstaller:1.4.0] AndroidManifest.xml:43:13-45:29
122                <action android:name="androidx.profileinstaller.action.SKIP_FILE" />
122-->[androidx.profileinstaller:profileinstaller:1.4.0] AndroidManifest.xml:44:17-85
122-->[androidx.profileinstaller:profileinstaller:1.4.0] AndroidManifest.xml:44:25-82
123            </intent-filter>
124            <intent-filter>
124-->[androidx.profileinstaller:profileinstaller:1.4.0] AndroidManifest.xml:46:13-48:29
125                <action android:name="androidx.profileinstaller.action.SAVE_PROFILE" />
125-->[androidx.profileinstaller:profileinstaller:1.4.0] AndroidManifest.xml:47:17-88
125-->[androidx.profileinstaller:profileinstaller:1.4.0] AndroidManifest.xml:47:25-85
126            </intent-filter>
127            <intent-filter>
127-->[androidx.profileinstaller:profileinstaller:1.4.0] AndroidManifest.xml:49:13-51:29
128                <action android:name="androidx.profileinstaller.action.BENCHMARK_OPERATION" />
128-->[androidx.profileinstaller:profileinstaller:1.4.0] AndroidManifest.xml:50:17-95
128-->[androidx.profileinstaller:profileinstaller:1.4.0] AndroidManifest.xml:50:25-92
129            </intent-filter>
130        </receiver>
131    </application>
132
133</manifest>